[debug] [2026-04-11T21:28:09.267Z] ----------------------------------------------------------------------
[debug] [2026-04-11T21:28:09.270Z] Command:       C:\Program Files\nodejs\node.exe C:\Users\Orlando Moreno\AppData\Roaming\npm\node_modules\firebase-tools\lib\bin\firebase.js init
[debug] [2026-04-11T21:28:09.271Z] CLI Version:   15.14.0
[debug] [2026-04-11T21:28:09.271Z] Platform:      win32
[debug] [2026-04-11T21:28:09.271Z] Node Version:  v22.21.0
[debug] [2026-04-11T21:28:09.271Z] Time:          Sat Apr 11 2026 17:28:09 GMT-0400 (hora de Bolivia)
[debug] [2026-04-11T21:28:09.271Z] ----------------------------------------------------------------------
[debug] 
[info] 
     ######## #### ########  ######## ########     ###     ######  ########
     ##        ##  ##     ## ##       ##     ##  ##   ##  ##       ##
     ######    ##  ########  ######   ########  #########  ######  ######
     ##        ##  ##    ##  ##       ##     ## ##     ##       ## ##
     ##       #### ##     ## ######## ########  ##     ##  ######  ########

You're about to initialize a Firebase project in this directory:

  C:\Orlando693\EmergenciaVehicular

Before we get started, keep in mind:

  * You are currently outside your home directory

[debug] [2026-04-11T21:28:16.462Z] ExitPromptError: User force closed the prompt with SIGINT
    at Interface.sigint (C:\Users\Orlando Moreno\AppData\Roaming\npm\node_modules\firebase-tools\node_modules\@inquirer\core\dist\commonjs\lib\create-prompt.js:101:37)
    at Interface.emit (node:events:519:28)
    at [_ttyWrite] [as _ttyWrite] (node:internal/readline/interface:1134:18)
    at ReadStream.onkeypress (node:internal/readline/interface:271:20)
    at ReadStream.emit (node:events:531:35)
    at emitKeys (node:internal/readline/utils:370:14)
    at emitKeys.next (<anonymous>)
    at ReadStream.onData (node:internal/readline/emitKeypressEvents:64:36)
    at ReadStream.emit (node:events:519:28)
    at addChunk (node:internal/streams/readable:561:12)
[error] 
[error] Error: An unexpected error has occurred.
